Performing C SOURCE FILE Test CMAKE_HAVE_LIBC_PTHREAD failed with the following output:
Change Dir: /home/synth/synspades/synspades.mk/CMakeFiles/CMakeTmp

Run Build Command(s):/usr/bin/gmake -f Makefile cmTC_3eb75/fast && /usr/bin/gmake  -f CMakeFiles/cmTC_3eb75.dir/build.make CMakeFiles/cmTC_3eb75.dir/build
gmake[1]: Entering directory '/home/synth/synspades/synspades.mk/CMakeFiles/CMakeTmp'
Building C object CMakeFiles/cmTC_3eb75.dir/src.c.o
/usr/bin/cc -DCMAKE_HAVE_LIBC_PTHREAD   -o CMakeFiles/cmTC_3eb75.dir/src.c.o -c /home/synth/synspades/synspades.mk/CMakeFiles/CMakeTmp/src.c
Linking C executable cmTC_3eb75
/usr/bin/cmake -E cmake_link_script CMakeFiles/cmTC_3eb75.dir/link.txt --verbose=1
/usr/bin/cc -rdynamic CMakeFiles/cmTC_3eb75.dir/src.c.o -o cmTC_3eb75 
/usr/bin/ld: CMakeFiles/cmTC_3eb75.dir/src.c.o: in function `main':
src.c:(.text+0x2f): undefined reference to `pthread_create'
/usr/bin/ld: src.c:(.text+0x3b): undefined reference to `pthread_detach'
/usr/bin/ld: src.c:(.text+0x47): undefined reference to `pthread_cancel'
/usr/bin/ld: src.c:(.text+0x58): undefined reference to `pthread_join'
collect2: error: ld returned 1 exit status
gmake[1]: *** [CMakeFiles/cmTC_3eb75.dir/build.make:99: cmTC_3eb75] Error 1
gmake[1]: Leaving directory '/home/synth/synspades/synspades.mk/CMakeFiles/CMakeTmp'
gmake: *** [Makefile:127: cmTC_3eb75/fast] Error 2


Source file was:
#include <pthread.h>

static void* test_func(void* data)
{
  return data;
}

int main(void)
{
  pthread_t thread;
  pthread_create(&thread, NULL, test_func, NULL);
  pthread_detach(thread);
  pthread_cancel(thread);
  pthread_join(thread, NULL);
  pthread_atfork(NULL, NULL, NULL);
  pthread_exit(NULL);

  return 0;
}

Determining if the function pthread_create exists in the pthreads failed with the following output:
Change Dir: /home/synth/synspades/synspades.mk/CMakeFiles/CMakeTmp

Run Build Command(s):/usr/bin/gmake -f Makefile cmTC_8d8b0/fast && /usr/bin/gmake  -f CMakeFiles/cmTC_8d8b0.dir/build.make CMakeFiles/cmTC_8d8b0.dir/build
gmake[1]: Entering directory '/home/synth/synspades/synspades.mk/CMakeFiles/CMakeTmp'
Building C object CMakeFiles/cmTC_8d8b0.dir/CheckFunctionExists.c.o
/usr/bin/cc   -DCHECK_FUNCTION_EXISTS=pthread_create -o CMakeFiles/cmTC_8d8b0.dir/CheckFunctionExists.c.o -c /usr/share/cmake-3.23/Modules/CheckFunctionExists.c
Linking C executable cmTC_8d8b0
/usr/bin/cmake -E cmake_link_script CMakeFiles/cmTC_8d8b0.dir/link.txt --verbose=1
/usr/bin/cc  -DCHECK_FUNCTION_EXISTS=pthread_create -rdynamic CMakeFiles/cmTC_8d8b0.dir/CheckFunctionExists.c.o -o cmTC_8d8b0  -lpthreads 
/usr/bin/ld: cannot find -lpthreads: No such file or directory
collect2: error: ld returned 1 exit status
gmake[1]: *** [CMakeFiles/cmTC_8d8b0.dir/build.make:99: cmTC_8d8b0] Error 1
gmake[1]: Leaving directory '/home/synth/synspades/synspades.mk/CMakeFiles/CMakeTmp'
gmake: *** [Makefile:127: cmTC_8d8b0/fast] Error 2



